(0000) 3000  0011000000000000 (   1)                 .ORIG x3000
(3000) 2026  0010000000100110 (   2)                 LD    R0 SIZE
(3001) E228  1110001000101000 (   3)                 LEA   R1 FILE
(3002) 103F  0001000000111111 (   4)                 ADD   R0 R0 #-1
(3003) 7040  0111000001000000 (   5) Create          STR   R0 R1 #0
(3004) 1261  0001001001100001 (   6)                 ADD   R1 R1 #1
(3005) 103F  0001000000111111 (   7)                 ADD   R0 R0 #-1
(3006) 07FC  0000011111111100 (   8)                 BRZP  Create
(3007) 5DA0  0101110110100000 (  10)                 AND   R6 R6 #0
(3008) 5B60  0101101101100000 (  11)                 AND   R5 R5 #0
(3009) 5020  0101000000100000 (  12)                 AND   R0 R0 #0
(300A) 5260  0101001001100000 (  13)                 AND   R1 R1 #0
(300B) 54A0  0101010010100000 (  14)                 AND   R2 R2 #0
(300C) 281A  0010100000011010 (  17)                 LD    R4 SIZE
(300D) 193F  0001100100111111 (  18) M1              ADD   R4 R4 #-1
(300E) 0C15  0000110000010101 (  19)                 BRNZ  M3
(300F) 56E0  0101011011100000 (  22)                 AND   R3 R3 #0
(3010) 953F  1001010100111111 (  23) M2              NOT   R2 R4
(3011) 14A1  0001010010100001 (  24)                 ADD   R2 R2 #1
(3012) 14C2  0001010011000010 (  25)                 ADD   R2 R3 R2
(3013) 07F9  0000011111111001 (  26)                 BRZP  M1
(3014) 1B61  0001101101100001 (  28)                 ADD   R5 R5 #1
(3015) EE14  1110111000010100 (  31)                 LEA   R7 FILE
(3016) 1FC3  0001111111000011 (  32)                 ADD   R7 R7 R3
(3017) 16E1  0001011011100001 (  33)                 ADD   R3 R3 #1
(3018) 61C0  0110000111000000 (  34)                 LDR   R0 R7 #0
(3019) 63C1  0110001111000001 (  35)                 LDR   R1 R7 #1
(301A) 927F  1001001001111111 (  36)                 NOT   R1 R1
(301B) 1261  0001001001100001 (  37)                 ADD   R1 R1 #1
(301C) 1201  0001001000000001 (  38)                 ADD   R1 R0 R1
(301D) 0201  0000001000000001 (  40)                 BRP   swap_next
(301E) 0FF1  0000111111110001 (  41)                 BRNZP M2
(301F) 63C1  0110001111000001 (  43) swap_next       LDR   R1 R7 #1
(3020) 71C1  0111000111000001 (  44)                 STR   R0 R7 #1
(3021) 73C0  0111001111000000 (  45)                 STR   R1 R7 #0
(3022) 1DA1  0001110110100001 (  46)                 ADD   R6 R6 #1
(3023) 0FEC  0000111111101100 (  47)                 BRNZP M2
(3024) 3C03  0011110000000011 (  50) M3              ST    R6 SWAPS
(3025) 3A03  0011101000000011 (  51)                 ST    R5 COMP
(3026) 0FFF  0000111111111111 (  52) BYE             BRNZP BYE
(3027) 000A  0000000000001010 (  53) SIZE            .FILL x000A
(3028) 0000  0000000000000000 (  54) SWAPS           .FILL x0000
(3029) 0000  0000000000000000 (  55) COMP            .FILL x0000
(302A) 0000  0000000000000000 (  56) FILE            .FILL x0000
