(0000) 3000  0011000000000000 (   1)                 .ORIG x3000
(3000) AA16  1010101000010110 (   2) top             LDI   R5 Saddr
(3001) 2411  0010010000010001 (   5)                 LD    R2 dvi
(3002) 94BF  1001010010111111 (   6)                 NOT   R2 R2
(3003) 14A1  0001010010100001 (   7)                 ADD   R2 R2 #1
(3004) 2211  0010001000010001 (   9)                 LD    R1 Clean
(3005) 5341  0101001101000001 (  10)                 AND   R1 R5 R1
(3006) 320E  0011001000001110 (  11)                 ST    R1 N
(3007) 0404  0000010000000100 (  13) S1_1            BRZ   S2
(3008) 1DA1  0001110110100001 (  14)                 ADD   R6 R6 #1
(3009) 1242  0001001001000010 (  15)                 ADD   R1 R1 R2
(300A) 07FC  0000011111111100 (  16)                 BRZP  S1_1
(300B) 1DBF  0001110110111111 (  17)                 ADD   R6 R6 #-1
(300C) 3C08  0011110000001000 (  18) S2              ST    R6 N
(300D) BC0A  1011110000001010 (  19)                 STI   R6 Laddr
(300E) 13A0  0001001110100000 (  20)                 ADD   R1 R6 #0
(300F) 5DA0  0101110110100000 (  21)                 AND   R6 R6 #0
(3010) 1260  0001001001100000 (  22)                 ADD   R1 R1 #0
(3011) 03F5  0000001111110101 (  23)                 BRP   S1_1
(3012) 0FED  0000111111101101 (  24)                 BRNZP top
(3013) 0002  0000000000000010 (  27) dvi             .FILL x0002
(3014) 0000  0000000000000000 (  28) Result          .FILL x0000
(3015) 0000  0000000000000000 (  29) N               .FILL x0000
(3016) 00FF  0000000011111111 (  32) Clean           .FILL x00FF
(3017) FFFC  1111111111111100 (  33) Saddr           .FILL xFFFC
(3018) FFFD  1111111111111101 (  34) Laddr           .FILL xFFFD
