(0000) 3000  0011000000000000 (   4)                 .ORIG x3000
(3000) 203A  0010000000111010 (   5)                 LD    R0 disable
(3001) B03B  1011000000111011 (   6)                 STI   R0 Hex32
(3002) B039  1011000000111001 (   7)                 STI   R0 Hex10
(3003) 5020  0101000000100000 (   8) TOP             AND   R0 R0 #0
(3004) 1023  0001000000100011 (   9)                 ADD   R0 R0 #3
(3005) E22D  1110001000101101 (  12) M1              LEA   R1 Mask
(3006) E430  1110010000110000 (  13)                 LEA   R2 div
(3007) 1240  0001001001000000 (  14)                 ADD   R1 R1 R0
(3008) 1480  0001010010000000 (  15)                 ADD   R2 R2 R0
(3009) 6240  0110001001000000 (  16)                 LDR   R1 R1 #0
(300A) 6480  0110010010000000 (  17)                 LDR   R2 R2 #0
(300B) 2624  0010011000100100 (  20)                 LD    R3 NUM
(300C) 2A24  0010101000100100 (  21)                 LD    R5 Modify
(300D) 16C5  0001011011000101 (  22)                 ADD   R3 R3 R5
(300E) 0603  0000011000000011 (  23)                 BRZP  M1_1
(300F) 2422  0010010000100010 (  24)                 LD    R2 Reset
(3010) 341F  0011010000011111 (  25)                 ST    R2 NUM
(3011) 0FF1  0000111111110001 (  26)                 BRNZP TOP
(3012) 5920  0101100100100000 (  27) M1_1            AND   R4 R4 #0
(3013) 56C1  0101011011000001 (  28)                 AND   R3 R3 R1
(3014) 0403  0000010000000011 (  29)                 BRZ   S1
(3015) 1921  0001100100100001 (  32) M1_0            ADD   R4 R4 #1
(3016) 16C2  0001011011000010 (  33)                 ADD   R3 R3 R2
(3017) 0BFD  0000101111111101 (  34)                 BRNP  M1_0
(3018) 1E20  0001111000100000 (  46) S1              ADD   R7 R0 #0
(3019) 0407  0000010000000111 (  47)                 BRZ   M2
(301A) 1FFE  0001111111111110 (  48)                 ADD   R7 R7 #-2
(301B) 0405  0000010000000101 (  49)                 BRZ   M2
(301C) E231  1110001000110001 (  50)                 LEA   R1 Tbl_FF
(301D) 1244  0001001001000100 (  51)                 ADD   R1 R1 R4
(301E) 6C40  0110110001000000 (  52)                 LDR   R6 R1 #0
(301F) 103F  0001000000111111 (  53)                 ADD   R0 R0 #-1
(3020) 0FE4  0000111111100100 (  54)                 BRNZP M1
(3021) E21C  1110001000011100 (  55) M2              LEA   R1 FF_Tbl
(3022) 1244  0001001001000100 (  56)                 ADD   R1 R1 R4
(3023) 6640  0110011001000000 (  57)                 LDR   R3 R1 #0
(3024) 1E20  0001111000100000 (  60)                 ADD   R7 R0 #0
(3025) 0404  0000010000000100 (  61)                 BRZ   M2_0
(3026) 52C6  0101001011000110 (  62)                 AND   R1 R3 R6
(3027) B215  1011001000010101 (  63)                 STI   R1 Hex32
(3028) 103F  0001000000111111 (  64)                 ADD   R0 R0 #-1
(3029) 0FDB  0000111111011011 (  65)                 BRNZP M1
(302A) 52C6  0101001011000110 (  66) M2_0            AND   R1 R3 R6
(302B) B210  1011001000010000 (  67)                 STI   R1 Hex10
(302C) 2003  0010000000000011 (  68)                 LD    R0 NUM
(302D) 103F  0001000000111111 (  69)                 ADD   R0 R0 #-1
(302E) 3001  0011000000000001 (  70)                 ST    R0 NUM
(302F) 0FD3  0000111111010011 (  71)                 BRNZP TOP
(3030) 6677  0110011001110111 (  74) NUM             .FILL x6677
(3031) 999A  1001100110011010 (  75) Modify          .FILL x999A
(3032) FFFF  1111111111111111 (  76) Reset           .FILL xFFFF
(3033) 000F  0000000000001111 (  77) Mask            .FILL x000F
(3034) 00F0  0000000011110000 (  78)                 .FILL x00F0
(3035) 0F00  0000111100000000 (  79)                 .FILL x0F00
(3036) F000  1111000000000000 (  80)                 .FILL xF000
(3037) FFFF  1111111111111111 (  81) div             .FILL xFFFF
(3038) FFF0  1111111111110000 (  82)                 .FILL xFFF0
(3039) FF00  1111111100000000 (  83)                 .FILL xFF00
(303A) F000  1111000000000000 (  84)                 .FILL xF000
(303B) FFFF  1111111111111111 (  85) disable         .FILL xFFFF
(303C) FFFB  1111111111111011 (  86) Hex10           .FILL xFFFB
(303D) FFFA  1111111111111010 (  87) Hex32           .FILL xFFFA
(303E) FFC0  1111111111000000 (  88) FF_Tbl          .FILL xFFC0
(303F) FFF9  1111111111111001 (  89)                 .FILL xFFF9
(3040) FFA4  1111111110100100 (  90)                 .FILL xFFA4
(3041) FFB0  1111111110110000 (  91)                 .FILL xFFB0
(3042) FF99  1111111110011001 (  92)                 .FILL xFF99
(3043) FF92  1111111110010010 (  93)                 .FILL xFF92
(3044) FF82  1111111110000010 (  94)                 .FILL xFF82
(3045) FFF8  1111111111111000 (  95)                 .FILL xFFF8
(3046) FF80  1111111110000000 (  96)                 .FILL xFF80
(3047) FF98  1111111110011000 (  97)                 .FILL xFF98
(3048) FF88  1111111110001000 (  98)                 .FILL xFF88
(3049) FF83  1111111110000011 (  99)                 .FILL xFF83
(304A) FFC6  1111111111000110 ( 100)                 .FILL xFFC6
(304B) FFA1  1111111110100001 ( 101)                 .FILL xFFA1
(304C) FF86  1111111110000110 ( 102)                 .FILL xFF86
(304D) FF8E  1111111110001110 ( 103)                 .FILL xFF8E
(304E) C0FF  1100000011111111 ( 104) Tbl_FF          .FILL xC0FF
(304F) F9FF  1111100111111111 ( 105)                 .FILL xF9FF
(3050) A4FF  1010010011111111 ( 106)                 .FILL xA4FF
(3051) B0FF  1011000011111111 ( 107)                 .FILL xB0FF
(3052) 99FF  1001100111111111 ( 108)                 .FILL x99FF
(3053) 92FF  1001001011111111 ( 109)                 .FILL x92FF
(3054) 82FF  1000001011111111 ( 110)                 .FILL x82FF
(3055) F8FF  1111100011111111 ( 111)                 .FILL xF8FF
(3056) 80FF  1000000011111111 ( 112)                 .FILL x80FF
(3057) 98FF  1001100011111111 ( 113)                 .FILL x98FF
(3058) 88FF  1000100011111111 ( 114)                 .FILL x88FF
(3059) 83FF  1000001111111111 ( 115)                 .FILL x83FF
(305A) C6FF  1100011011111111 ( 116)                 .FILL xC6FF
(305B) A1FF  1010000111111111 ( 117)                 .FILL xA1FF
(305C) 86FF  1000011011111111 ( 118)                 .FILL x86FF
(305D) 8EFF  1000111011111111 ( 119)                 .FILL x8EFF
