(0000) 3000  0011000000000000 (   1)                 .ORIG x3000
(3000) AA13  1010101000010011 (   2) top             LDI   R5 Saddr
(3001) 2611  0010011000010001 (   5)                 LD    R3 Clean
(3002) 5743  0101011101000011 (   6)                 AND   R3 R5 R3
(3003) 360E  0011011000001110 (   7)                 ST    R3 N1
(3004) B610  1011011000010000 (   8)                 STI   R3 Laddr
(3005) 54A0  0101010010100000 (   9)                 AND   R2 R2 #0
(3006) 14AB  0001010010101011 (  10)                 ADD   R2 R2 #11
(3007) 16C3  0001011011000011 (  11) M1              ADD   R3 R3 R3
(3008) 3608  0011011000001000 (  13)                 ST    R3 Result
(3009) 2006  0010000000000110 (  14)                 LD    R0 DELAY
(300A) 103F  0001000000111111 (  15) D1              ADD   R0 R0 #-1
(300B) 03FE  0000001111111110 (  16)                 BRP   D1
(300C) B608  1011011000001000 (  17)                 STI   R3 Laddr
(300D) 14BF  0001010010111111 (  18)                 ADD   R2 R2 #-1
(300E) 03F8  0000001111111000 (  19)                 BRP   M1
(300F) 0FF0  0000111111110000 (  20)                 BRNZP top
(3010) 0028  0000000000101000 (  23) DELAY           .FILL x0028
(3011) 0000  0000000000000000 (  24) Result          .FILL x0000
(3012) 0000  0000000000000000 (  26) N1              .FILL x0000
(3013) 00FF  0000000011111111 (  27) Clean           .FILL x00FF
(3014) FFFC  1111111111111100 (  29) Saddr           .FILL xFFFC
(3015) FFFD  1111111111111101 (  30) Laddr           .FILL xFFFD
