(0000) 3000  0011000000000000 (   2)                 .ORIG x3000
(3000) 2031  0010000000110001 (   3)                 LD    R0 disable
(3001) B032  1011000000110010 (   4)                 STI   R0 Hex32
(3002) B030  1011000000110000 (   5)                 STI   R0 Hex10
(3003) 5020  0101000000100000 (   6) TOP             AND   R0 R0 #0
(3004) 1023  0001000000100011 (   7)                 ADD   R0 R0 #3
(3005) E224  1110001000100100 (  10) M1              LEA   R1 Mask
(3006) E427  1110010000100111 (  11)                 LEA   R2 div
(3007) 1240  0001001001000000 (  12)                 ADD   R1 R1 R0
(3008) 1480  0001010010000000 (  13)                 ADD   R2 R2 R0
(3009) 6240  0110001001000000 (  14)                 LDR   R1 R1 #0
(300A) 6480  0110010010000000 (  15)                 LDR   R2 R2 #0
(300B) 94BF  1001010010111111 (  16)                 NOT   R2 R2
(300C) 14A1  0001010010100001 (  17)                 ADD   R2 R2 #1
(300D) 261B  0010011000011011 (  20)                 LD    R3 NUM
(300E) 5920  0101100100100000 (  21)                 AND   R4 R4 #0
(300F) 56C1  0101011011000001 (  22)                 AND   R3 R3 R1
(3010) 0403  0000010000000011 (  23)                 BRZ   S1
(3011) 1921  0001100100100001 (  24) M1_0            ADD   R4 R4 #1
(3012) 16C2  0001011011000010 (  25)                 ADD   R3 R3 R2
(3013) 03FD  0000001111111101 (  26)                 BRP   M1_0
(3014) 1E20  0001111000100000 (  29) S1              ADD   R7 R0 #0
(3015) 0407  0000010000000111 (  30)                 BRZ   M2
(3016) 1FFE  0001111111111110 (  31)                 ADD   R7 R7 #-2
(3017) 0405  0000010000000101 (  32)                 BRZ   M2
(3018) E226  1110001000100110 (  33)                 LEA   R1 Tbl_FF
(3019) 1244  0001001001000100 (  34)                 ADD   R1 R1 R4
(301A) 6C40  0110110001000000 (  35)                 LDR   R6 R1 #0
(301B) 103F  0001000000111111 (  36)                 ADD   R0 R0 #-1
(301C) 0FE8  0000111111101000 (  37)                 BRNZP M1
(301D) E217  1110001000010111 (  38) M2              LEA   R1 FF_Tbl
(301E) 1244  0001001001000100 (  39)                 ADD   R1 R1 R4
(301F) 6640  0110011001000000 (  40)                 LDR   R3 R1 #0
(3020) 1E20  0001111000100000 (  43)                 ADD   R7 R0 #0
(3021) 0404  0000010000000100 (  44)                 BRZ   M2_0
(3022) 52C6  0101001011000110 (  45)                 AND   R1 R3 R6
(3023) B210  1011001000010000 (  46)                 STI   R1 Hex32
(3024) 103F  0001000000111111 (  47)                 ADD   R0 R0 #-1
(3025) 0FDF  0000111111011111 (  48)                 BRNZP M1
(3026) 52C6  0101001011000110 (  49) M2_0            AND   R1 R3 R6
(3027) B20B  1011001000001011 (  50)                 STI   R1 Hex10
(3028) 0FDA  0000111111011010 (  51)                 BRNZP TOP
(3029) 3147  0011000101000111 (  54) NUM             .FILL x3147
(302A) 000F  0000000000001111 (  55) Mask            .FILL x000F
(302B) 00F0  0000000011110000 (  56)                 .FILL x00F0
(302C) 0F00  0000111100000000 (  57)                 .FILL x0F00
(302D) F000  1111000000000000 (  58)                 .FILL xF000
(302E) 0001  0000000000000001 (  59) div             .FILL x0001
(302F) 0010  0000000000010000 (  60)                 .FILL x0010
(3030) 0100  0000000100000000 (  61)                 .FILL x0100
(3031) 1000  0001000000000000 (  62)                 .FILL x1000
(3032) FFFF  1111111111111111 (  63) disable         .FILL xFFFF
(3033) FFFB  1111111111111011 (  64) Hex10           .FILL xFFFB
(3034) FFFA  1111111111111010 (  65) Hex32           .FILL xFFFA
(3035) FFC0  1111111111000000 (  66) FF_Tbl          .FILL xFFC0
(3036) FFF9  1111111111111001 (  67)                 .FILL xFFF9
(3037) FFA4  1111111110100100 (  68)                 .FILL xFFA4
(3038) FFB0  1111111110110000 (  69)                 .FILL xFFB0
(3039) FF99  1111111110011001 (  70)                 .FILL xFF99
(303A) FF92  1111111110010010 (  71)                 .FILL xFF92
(303B) FF82  1111111110000010 (  72)                 .FILL xFF82
(303C) FFF8  1111111111111000 (  73)                 .FILL xFFF8
(303D) FF80  1111111110000000 (  74)                 .FILL xFF80
(303E) FF98  1111111110011000 (  75)                 .FILL xFF98
(303F) C0FF  1100000011111111 (  76) Tbl_FF          .FILL xC0FF
(3040) F9FF  1111100111111111 (  77)                 .FILL xF9FF
(3041) A4FF  1010010011111111 (  78)                 .FILL xA4FF
(3042) B0FF  1011000011111111 (  79)                 .FILL xB0FF
(3043) 99FF  1001100111111111 (  80)                 .FILL x99FF
(3044) 92FF  1001001011111111 (  81)                 .FILL x92FF
(3045) 82FF  1000001011111111 (  82)                 .FILL x82FF
(3046) F8FF  1111100011111111 (  83)                 .FILL xF8FF
(3047) 80FF  1000000011111111 (  84)                 .FILL x80FF
(3048) 98FF  1001100011111111 (  85)                 .FILL x98FF
