(0000) 3000  0011000000000000 (   1)                 .ORIG x3000
(3000) 202C  0010000000101100 (   2)                 LD    R0 SIZE
(3001) E22E  1110001000101110 (   3)                 LEA   R1 FILE
(3002) 103F  0001000000111111 (   4)                 ADD   R0 R0 #-1
(3003) 7040  0111000001000000 (   5) Create          STR   R0 R1 #0
(3004) 1261  0001001001100001 (   6)                 ADD   R1 R1 #1
(3005) 103F  0001000000111111 (   7)                 ADD   R0 R0 #-1
(3006) 07FC  0000011111111100 (   8)                 BRZP  Create
(3007) 5DA0  0101110110100000 (  12)                 AND   R6 R6 #0
(3008) 5B60  0101101101100000 (  13)                 AND   R5 R5 #0
(3009) 5020  0101000000100000 (  18)                 AND   R0 R0 #0
(300A) 2422  0010010000100010 (  21)                 LD    R2 SIZE
(300B) 14BF  0001010010111111 (  22) M1              ADD   R2 R2 #-1
(300C) 0C1D  0000110000011101 (  23)                 BRNZ  M4
(300D) EE22  1110111000100010 (  24)                 LEA   R7 FILE
(300E) 67C0  0110011111000000 (  25)                 LDR   R3 R7 #0
(300F) 5920  0101100100100000 (  26)                 AND   R4 R4 #0
(3010) 5260  0101001001100000 (  29)                 AND   R1 R1 #0
(3011) 90BF  1001000010111111 (  30) M2              NOT   R0 R2
(3012) 1021  0001000000100001 (  31)                 ADD   R0 R0 #1
(3013) 1261  0001001001100001 (  32)                 ADD   R1 R1 #1
(3014) 1040  0001000001000000 (  33)                 ADD   R0 R1 R0
(3015) 020B  0000001000001011 (  34)                 BRP   swap_next
(3016) 1B61  0001101101100001 (  37)                 ADD   R5 R5 #1
(3017) EE18  1110111000011000 (  38)                 LEA   R7 FILE
(3018) 1FC1  0001111111000001 (  39)                 ADD   R7 R7 R1
(3019) 6FC0  0110111111000000 (  40)                 LDR   R7 R7 #0
(301A) 90FF  1001000011111111 (  41)                 NOT   R0 R3
(301B) 1021  0001000000100001 (  42)                 ADD   R0 R0 #1
(301C) 1007  0001000000000111 (  43)                 ADD   R0 R0 R7
(301D) 0DF3  0000110111110011 (  44)                 BRNZ  M2
(301E) 17E0  0001011111100000 (  45)                 ADD   R3 R7 #0
(301F) 1860  0001100001100000 (  46)                 ADD   R4 R1 #0
(3020) 0FF0  0000111111110000 (  47)                 BRNZP M2
(3021) EE0E  1110111000001110 (  50) swap_next       LEA   R7 FILE
(3022) 1FC2  0001111111000010 (  51)                 ADD   R7 R7 R2
(3023) 61C0  0110000111000000 (  52)                 LDR   R0 R7 #0
(3024) 77C0  0111011111000000 (  53)                 STR   R3 R7 #0
(3025) EE0A  1110111000001010 (  54)                 LEA   R7 FILE
(3026) 1FC4  0001111111000100 (  55)                 ADD   R7 R7 R4
(3027) 71C0  0111000111000000 (  56)                 STR   R0 R7 #0
(3028) 1DA1  0001110110100001 (  57)                 ADD   R6 R6 #1
(3029) 0FE1  0000111111100001 (  58)                 BRNZP M1
(302A) 3C03  0011110000000011 (  60) M4              ST    R6 SWAPS
(302B) 3A03  0011101000000011 (  61)                 ST    R5 COMP
(302C) 0FFF  0000111111111111 (  62) BYE             BRNZP BYE
(302D) 000A  0000000000001010 (  66) SIZE            .FILL x000A
(302E) 0000  0000000000000000 (  67) SWAPS           .FILL x0000
(302F) 0000  0000000000000000 (  68) COMP            .FILL x0000
(3030) 0000  0000000000000000 (  69) FILE            .FILL x0000
