(0000) 3000  0011000000000000 (   3)                 .ORIG x3000
(3000) 2231  0010001000110001 (   4)                 LD    R1 disable
(3001) B232  1011001000110010 (   5)                 STI   R1 Hex32
(3002) B230  1011001000110000 (   6)                 STI   R1 Hex10
(3003) 5020  0101000000100000 (   9)                 AND   R0 R0 #0
(3004) EE29  1110111000101001 (  10)                 LEA   R7 digtit
(3005) 71C1  0111000111000001 (  11)                 STR   R0 R7 #1
(3006) 71C2  0111000111000010 (  12)                 STR   R0 R7 #2
(3007) 71C3  0111000111000011 (  13)                 STR   R0 R7 #3
(3008) 1029  0001000000101001 (  14)                 ADD   R0 R0 #9
(3009) 71C0  0111000111000000 (  15) M1              STR   R0 R7 #0
(300A) EC2A  1110110000101010 (  18)                 LEA   R6 FF_Tbl
(300B) 1380  0001001110000000 (  19)                 ADD   R1 R6 R0
(300C) 6240  0110001001000000 (  20)                 LDR   R1 R1 #0
(300D) 67C2  0110011111000010 (  21)                 LDR   R3 R7 #2
(300E) 1783  0001011110000011 (  22)                 ADD   R3 R6 R3
(300F) 66C0  0110011011000000 (  23)                 LDR   R3 R3 #0
(3010) EC2E  1110110000101110 (  25)                 LEA   R6 Tbl_FF
(3011) 65C1  0110010111000001 (  26)                 LDR   R2 R7 #1
(3012) 1582  0001010110000010 (  27)                 ADD   R2 R6 R2
(3013) 6480  0110010010000000 (  28)                 LDR   R2 R2 #0
(3014) 69C3  0110100111000011 (  29)                 LDR   R4 R7 #3
(3015) 1984  0001100110000100 (  30)                 ADD   R4 R6 R4
(3016) 6900  0110100100000000 (  31)                 LDR   R4 R4 #0
(3017) 5A42  0101101001000010 (  34)                 AND   R5 R1 R2
(3018) BA1A  1011101000011010 (  35)                 STI   R5 Hex10
(3019) 5AC4  0101101011000100 (  36)                 AND   R5 R3 R4
(301A) BA19  1011101000011001 (  37)                 STI   R5 Hex32
(301B) 103F  0001000000111111 (  40)                 ADD   R0 R0 #-1
(301C) 07EC  0000011111101100 (  41)                 BRZP  M1
(301D) 102A  0001000000101010 (  43)                 ADD   R0 R0 #10
(301E) 63C1  0110001111000001 (  46)                 LDR   R1 R7 #1
(301F) 127F  0001001001111111 (  47)                 ADD   R1 R1 #-1
(3020) 73C1  0111001111000001 (  48)                 STR   R1 R7 #1
(3021) 07E7  0000011111100111 (  49)                 BRZP  M1
(3022) 71C1  0111000111000001 (  50)                 STR   R0 R7 #1
(3023) 63C2  0110001111000010 (  53)                 LDR   R1 R7 #2
(3024) 127F  0001001001111111 (  54)                 ADD   R1 R1 #-1
(3025) 73C2  0111001111000010 (  55)                 STR   R1 R7 #2
(3026) 07E2  0000011111100010 (  56)                 BRZP  M1
(3027) 71C2  0111000111000010 (  57)                 STR   R0 R7 #2
(3028) 63C3  0110001111000011 (  60)                 LDR   R1 R7 #3
(3029) 127F  0001001001111111 (  61)                 ADD   R1 R1 #-1
(302A) 73C3  0111001111000011 (  62)                 STR   R1 R7 #3
(302B) 07DD  0000011111011101 (  63)                 BRZP  M1
(302C) 71C3  0111000111000011 (  64)                 STR   R0 R7 #3
(302D) 0FDB  0000111111011011 (  65)                 BRNZP M1
(302E) 0000  0000000000000000 (  69) digtit          .FILL x0000
(302F) 0000  0000000000000000 (  69)                 .FILL x0000
(3030) 0000  0000000000000000 (  69)                 .FILL x0000
(3031) 0000  0000000000000000 (  69)                 .FILL x0000
(3032) FFFF  1111111111111111 (  69) disable         .FILL xFFFF
(3033) FFFB  1111111111111011 (  70) Hex10           .FILL xFFFB
(3034) FFFA  1111111111111010 (  71) Hex32           .FILL xFFFA
(3035) FFC0  1111111111000000 (  72) FF_Tbl          .FILL xFFC0
(3036) FFF9  1111111111111001 (  73)                 .FILL xFFF9
(3037) FFA4  1111111110100100 (  74)                 .FILL xFFA4
(3038) FFB0  1111111110110000 (  75)                 .FILL xFFB0
(3039) FF99  1111111110011001 (  76)                 .FILL xFF99
(303A) FF92  1111111110010010 (  77)                 .FILL xFF92
(303B) FF82  1111111110000010 (  78)                 .FILL xFF82
(303C) FFF8  1111111111111000 (  79)                 .FILL xFFF8
(303D) FF80  1111111110000000 (  80)                 .FILL xFF80
(303E) FF98  1111111110011000 (  81)                 .FILL xFF98
(303F) C0FF  1100000011111111 (  82) Tbl_FF          .FILL xC0FF
(3040) F9FF  1111100111111111 (  83)                 .FILL xF9FF
(3041) A4FF  1010010011111111 (  84)                 .FILL xA4FF
(3042) B0FF  1011000011111111 (  85)                 .FILL xB0FF
(3043) 99FF  1001100111111111 (  86)                 .FILL x99FF
(3044) 92FF  1001001011111111 (  87)                 .FILL x92FF
(3045) 82FF  1000001011111111 (  88)                 .FILL x82FF
(3046) F8FF  1111100011111111 (  89)                 .FILL xF8FF
(3047) 80FF  1000000011111111 (  90)                 .FILL x80FF
(3048) 98FF  1001100011111111 (  91)                 .FILL x98FF
