(0000) 3000  0011000000000000 (   1)                 .ORIG x3000
(3000) 4831  0100100000110001 (   2) SW6_11          JSR   Input
(3001) 0DFE  0000110111111110 (   3)                 BRNZ  SW6_11
(3002) 9DBF  1001110110111111 (   4)                 NOT   R6 R6
(3003) 5006  0101000000000110 (   5)                 AND   R0 R0 R6
(3004) 1A20  0001101000100000 (   6)                 ADD   R5 R0 #0
(3005) BA2B  1011101000101011 (   7)                 STI   R5 Laddr
(3006) 482B  0100100000101011 (   8) SW6_01          JSR   Input
(3007) 0BFE  0000101111111110 (   9)                 BRNP  SW6_01
(3008) 2422  0010010000100010 (  11)                 LD    R2 dvi
(3009) 94BF  1001010010111111 (  12)                 NOT   R2 R2
(300A) 14A1  0001010010100001 (  13)                 ADD   R2 R2 #1
(300B) 5DA0  0101110110100000 (  14)                 AND   R6 R6 #0
(300C) 2223  0010001000100011 (  15)                 LD    R1 NClean
(300D) 5341  0101001101000001 (  16)                 AND   R1 R5 R1
(300E) 0403  0000010000000011 (  17) S1              BRZ   S2
(300F) 1DA1  0001110110100001 (  18)                 ADD   R6 R6 #1
(3010) 1242  0001001001000010 (  19)                 ADD   R1 R1 R2
(3011) 03FC  0000001111111100 (  20)                 BRP   S1
(3012) 3C1A  0011110000011010 (  21) S2              ST    R6 N
(3013) 1DA0  0001110110100000 (  22)                 ADD   R6 R6 #0
(3014) 040F  0000010000001111 (  23)                 BRZ   M3
(3015) 2219  0010001000011001 (  25)                 LD    R1 MClean
(3016) 5341  0101001101000001 (  26)                 AND   R1 R5 R1
(3017) 3216  0011001000010110 (  27)                 ST    R1 M
(3018) 040D  0000010000001101 (  28)                 BRZ   M4
(3019) 54A0  0101010010100000 (  30)                 AND   R2 R2 #0
(301A) 14A1  0001010010100001 (  31)                 ADD   R2 R2 #1
(301B) 127F  0001001001111111 (  34) M1              ADD   R1 R1 #-1
(301C) 080B  0000100000001011 (  35)                 BRN   Last
(301D) 200F  0010000000001111 (  36)                 LD    R0 N
(301E) 56E0  0101011011100000 (  38)                 AND   R3 R3 #0
(301F) 16C2  0001011011000010 (  39) M2              ADD   R3 R3 R2
(3020) 103F  0001000000111111 (  40)                 ADD   R0 R0 #-1
(3021) 03FD  0000001111111101 (  41)                 BRP   M2
(3022) 14E0  0001010011100000 (  42)                 ADD   R2 R3 #0
(3023) 0FF7  0000111111110111 (  43)                 BRNZP M1
(3024) 56E0  0101011011100000 (  44) M3              AND   R3 R3 #0
(3025) 0E02  0000111000000010 (  45)                 BRNZP Last
(3026) 56E0  0101011011100000 (  46) M4              AND   R3 R3 #0
(3027) 16E1  0001011011100001 (  47)                 ADD   R3 R3 #1
(3028) 3603  0011011000000011 (  48) Last            ST    R3 Result
(3029) B607  1011011000000111 (  49)                 STI   R3 Laddr
(302A) 0FFF  0000111111111111 (  50) bye             BRNZP bye
(302B) 0008  0000000000001000 (  52) dvi             .FILL x0008
(302C) 0000  0000000000000000 (  53) Result          .FILL x0000
(302D) 0000  0000000000000000 (  54) N               .FILL x0000
(302E) 0000  0000000000000000 (  55) M               .FILL x0000
(302F) 0007  0000000000000111 (  56) MClean          .FILL x0007
(3030) 0038  0000000000111000 (  57) NClean          .FILL x0038
(3031) FFFD  1111111111111101 (  58) Laddr           .FILL xFFFD
(3032) A003  1010000000000011 (  60) Input           LDI   R0 Saddr
(3033) 2C03  0010110000000011 (  61)                 LD    R6 Check6
(3034) 5206  0101001000000110 (  62)                 AND   R1 R0 R6
(3035) C1C0  1100000111000000 (  63)                 RET   
(3036) FFFC  1111111111111100 (  64) Saddr           .FILL xFFFC
(3037) 0040  0000000001000000 (  65) Check6          .FILL x0040
