(0000) 3000  0011000000000000 (   4)                 .ORIG x3000
(3000) 2034  0010000000110100 (   5)                 LD    R0 disable
(3001) B035  1011000000110101 (   6)                 STI   R0 Hex32
(3002) B033  1011000000110011 (   7)                 STI   R0 Hex10
(3003) 5020  0101000000100000 (   8) TOP             AND   R0 R0 #0
(3004) 1023  0001000000100011 (   9)                 ADD   R0 R0 #3
(3005) E227  1110001000100111 (  12) M1              LEA   R1 Mask
(3006) E42A  1110010000101010 (  13)                 LEA   R2 div
(3007) 1240  0001001001000000 (  14)                 ADD   R1 R1 R0
(3008) 1480  0001010010000000 (  15)                 ADD   R2 R2 R0
(3009) 6240  0110001001000000 (  16)                 LDR   R1 R1 #0
(300A) 6480  0110010010000000 (  17)                 LDR   R2 R2 #0
(300B) 2620  0010011000100000 (  20)                 LD    R3 NUM
(300C) 5920  0101100100100000 (  21)                 AND   R4 R4 #0
(300D) 56C1  0101011011000001 (  22)                 AND   R3 R3 R1
(300E) 0405  0000010000000101 (  23)                 BRZ   S1
(300F) 94BF  1001010010111111 (  24)                 NOT   R2 R2
(3010) 14A1  0001010010100001 (  25)                 ADD   R2 R2 #1
(3011) 1921  0001100100100001 (  26) M1_0            ADD   R4 R4 #1
(3012) 16C2  0001011011000010 (  27)                 ADD   R3 R3 R2
(3013) 0BFD  0000101111111101 (  28)                 BRNP  M1_0
(3014) 1E20  0001111000100000 (  31) S1              ADD   R7 R0 #0
(3015) 0407  0000010000000111 (  32)                 BRZ   M2
(3016) 1FFE  0001111111111110 (  33)                 ADD   R7 R7 #-2
(3017) 0405  0000010000000101 (  34)                 BRZ   M2
(3018) E22F  1110001000101111 (  35)                 LEA   R1 Tbl_FF
(3019) 1244  0001001001000100 (  36)                 ADD   R1 R1 R4
(301A) 6C40  0110110001000000 (  37)                 LDR   R6 R1 #0
(301B) 103F  0001000000111111 (  38)                 ADD   R0 R0 #-1
(301C) 0FE8  0000111111101000 (  39)                 BRNZP M1
(301D) E21A  1110001000011010 (  40) M2              LEA   R1 FF_Tbl
(301E) 1244  0001001001000100 (  41)                 ADD   R1 R1 R4
(301F) 6640  0110011001000000 (  42)                 LDR   R3 R1 #0
(3020) 1E20  0001111000100000 (  45)                 ADD   R7 R0 #0
(3021) 0404  0000010000000100 (  46)                 BRZ   M2_0
(3022) 52C6  0101001011000110 (  47)                 AND   R1 R3 R6
(3023) B213  1011001000010011 (  48)                 STI   R1 Hex32
(3024) 103F  0001000000111111 (  49)                 ADD   R0 R0 #-1
(3025) 0FDF  0000111111011111 (  50)                 BRNZP M1
(3026) 52C6  0101001011000110 (  51) M2_0            AND   R1 R3 R6
(3027) B20E  1011001000001110 (  52)                 STI   R1 Hex10
(3028) 2003  0010000000000011 (  53)                 LD    R0 NUM
(3029) 103F  0001000000111111 (  54)                 ADD   R0 R0 #-1
(302A) 3001  0011000000000001 (  55)                 ST    R0 NUM
(302B) 0FD7  0000111111010111 (  56)                 BRNZP TOP
(302C) 000F  0000000000001111 (  59) NUM             .FILL x000F
(302D) 000F  0000000000001111 (  60) Mask            .FILL x000F
(302E) 00F0  0000000011110000 (  61)                 .FILL x00F0
(302F) 0F00  0000111100000000 (  62)                 .FILL x0F00
(3030) F000  1111000000000000 (  63)                 .FILL xF000
(3031) 0001  0000000000000001 (  64) div             .FILL x0001
(3032) 0010  0000000000010000 (  65)                 .FILL x0010
(3033) 0100  0000000100000000 (  66)                 .FILL x0100
(3034) 1000  0001000000000000 (  67)                 .FILL x1000
(3035) FFFF  1111111111111111 (  68) disable         .FILL xFFFF
(3036) FFFB  1111111111111011 (  69) Hex10           .FILL xFFFB
(3037) FFFA  1111111111111010 (  70) Hex32           .FILL xFFFA
(3038) FFC0  1111111111000000 (  71) FF_Tbl          .FILL xFFC0
(3039) FFF9  1111111111111001 (  72)                 .FILL xFFF9
(303A) FFA4  1111111110100100 (  73)                 .FILL xFFA4
(303B) FFB0  1111111110110000 (  74)                 .FILL xFFB0
(303C) FF99  1111111110011001 (  75)                 .FILL xFF99
(303D) FF92  1111111110010010 (  76)                 .FILL xFF92
(303E) FF82  1111111110000010 (  77)                 .FILL xFF82
(303F) FFF8  1111111111111000 (  78)                 .FILL xFFF8
(3040) FF80  1111111110000000 (  79)                 .FILL xFF80
(3041) FF98  1111111110011000 (  80)                 .FILL xFF98
(3042) FF88  1111111110001000 (  81)                 .FILL xFF88
(3043) FF83  1111111110000011 (  82)                 .FILL xFF83
(3044) FFC6  1111111111000110 (  83)                 .FILL xFFC6
(3045) FFA1  1111111110100001 (  84)                 .FILL xFFA1
(3046) FF86  1111111110000110 (  85)                 .FILL xFF86
(3047) FF8E  1111111110001110 (  86)                 .FILL xFF8E
(3048) C0FF  1100000011111111 (  87) Tbl_FF          .FILL xC0FF
(3049) F9FF  1111100111111111 (  88)                 .FILL xF9FF
(304A) A4FF  1010010011111111 (  89)                 .FILL xA4FF
(304B) B0FF  1011000011111111 (  90)                 .FILL xB0FF
(304C) 99FF  1001100111111111 (  91)                 .FILL x99FF
(304D) 92FF  1001001011111111 (  92)                 .FILL x92FF
(304E) 82FF  1000001011111111 (  93)                 .FILL x82FF
(304F) F8FF  1111100011111111 (  94)                 .FILL xF8FF
(3050) 80FF  1000000011111111 (  95)                 .FILL x80FF
(3051) 98FF  1001100011111111 (  96)                 .FILL x98FF
(3052) 88FF  1000100011111111 (  97)                 .FILL x88FF
(3053) 83FF  1000001111111111 (  98)                 .FILL x83FF
(3054) C6FF  1100011011111111 (  99)                 .FILL xC6FF
(3055) A1FF  1010000111111111 ( 100)                 .FILL xA1FF
(3056) 86FF  1000011011111111 ( 101)                 .FILL x86FF
(3057) 8EFF  1000111011111111 ( 102)                 .FILL x8EFF
