(0000) 3000  0011000000000000 (   1)                 .ORIG x3000
(3000) AA1F  1010101000011111 (   2) top             LDI   R5 Saddr
(3001) 2418  0010010000011000 (   4)                 LD    R2 dvi
(3002) 94BF  1001010010111111 (   5)                 NOT   R2 R2
(3003) 14A1  0001010010100001 (   6)                 ADD   R2 R2 #1
(3004) 5DA0  0101110110100000 (   7)                 AND   R6 R6 #0
(3005) 2219  0010001000011001 (   8)                 LD    R1 MaskN
(3006) 5341  0101001101000001 (   9)                 AND   R1 R5 R1
(3007) 0403  0000010000000011 (  10) S1              BRZ   S2
(3008) 1DA1  0001110110100001 (  11)                 ADD   R6 R6 #1
(3009) 1242  0001001001000010 (  12)                 ADD   R1 R1 R2
(300A) 03FC  0000001111111100 (  13)                 BRP   S1
(300B) 3C10  0011110000010000 (  14) S2              ST    R6 N
(300C) 2211  0010001000010001 (  16)                 LD    R1 MaskM
(300D) 5341  0101001101000001 (  17)                 AND   R1 R5 R1
(300E) 320E  0011001000001110 (  18)                 ST    R1 M
(300F) 56E0  0101011011100000 (  20)                 AND   R3 R3 #0
(3010) 220C  0010001000001100 (  21)                 LD    R1 M
(3011) 0405  0000010000000101 (  22)                 BRZ   Last
(3012) 2409  0010010000001001 (  23)                 LD    R2 N
(3013) 0403  0000010000000011 (  24)                 BRZ   Last
(3014) 1643  0001011001000011 (  25) M1              ADD   R3 R1 R3
(3015) 14BF  0001010010111111 (  26)                 ADD   R2 R2 #-1
(3016) 03FD  0000001111111101 (  27)                 BRP   M1
(3017) 3603  0011011000000011 (  28) Last            ST    R3 Result
(3018) B608  1011011000001000 (  29)                 STI   R3 Laddr
(3019) 0FE6  0000111111100110 (  30)                 BRNZP top
(301A) 0010  0000000000010000 (  32) dvi             .FILL x0010
(301B) 0000  0000000000000000 (  33) Result          .FILL x0000
(301C) 0000  0000000000000000 (  34) N               .FILL x0000
(301D) 0000  0000000000000000 (  35) M               .FILL x0000
(301E) 000F  0000000000001111 (  36) MaskM           .FILL x000F
(301F) 00F0  0000000011110000 (  37) MaskN           .FILL x00F0
(3020) FFFC  1111111111111100 (  38) Saddr           .FILL xFFFC
(3021) FFFD  1111111111111101 (  39) Laddr           .FILL xFFFD
