(0000) 3000  0011000000000000 (   1)                 .ORIG x3000
(3000) AA28  1010101000101000 (   2) top             LDI   R5 Saddr
(3001) 2421  0010010000100001 (   5)                 LD    R2 dvi
(3002) 94BF  1001010010111111 (   6)                 NOT   R2 R2
(3003) 14A1  0001010010100001 (   7)                 ADD   R2 R2 #1
(3004) 5DA0  0101110110100000 (   8)                 AND   R6 R6 #0
(3005) 2222  0010001000100010 (   9)                 LD    R1 MaskN
(3006) 5341  0101001101000001 (  10)                 AND   R1 R5 R1
(3007) 0403  0000010000000011 (  11) S1              BRZ   S2
(3008) 1DA1  0001110110100001 (  12)                 ADD   R6 R6 #1
(3009) 1242  0001001001000010 (  13)                 ADD   R1 R1 R2
(300A) 03FC  0000001111111100 (  14)                 BRP   S1
(300B) 3C19  0011110000011001 (  15) S2              ST    R6 N
(300C) 221A  0010001000011010 (  18)                 LD    R1 MaskM
(300D) 5341  0101001101000001 (  19)                 AND   R1 R5 R1
(300E) 3217  0011001000010111 (  20)                 ST    R1 M
(300F) 56E0  0101011011100000 (  23)                 AND   R3 R3 #0
(3010) 2014  0010000000010100 (  24)                 LD    R0 N
(3011) 040E  0000010000001110 (  25)                 BRZ   Last
(3012) 2213  0010001000010011 (  26)                 LD    R1 M
(3013) 040B  0000010000001011 (  27)                 BRZ   M3
(3014) 54A0  0101010010100000 (  28)                 AND   R2 R2 #0
(3015) 14A1  0001010010100001 (  29)                 ADD   R2 R2 #1
(3016) 127F  0001001001111111 (  30) M1              ADD   R1 R1 #-1
(3017) 0808  0000100000001000 (  31)                 BRN   Last
(3018) 56E0  0101011011100000 (  32)                 AND   R3 R3 #0
(3019) 200B  0010000000001011 (  33)                 LD    R0 N
(301A) 16C2  0001011011000010 (  34) M2              ADD   R3 R3 R2
(301B) 103F  0001000000111111 (  35)                 ADD   R0 R0 #-1
(301C) 03FD  0000001111111101 (  36)                 BRP   M2
(301D) 14E0  0001010011100000 (  37)                 ADD   R2 R3 #0
(301E) 0FF7  0000111111110111 (  38)                 BRNZP M1
(301F) 16E1  0001011011100001 (  39) M3              ADD   R3 R3 #1
(3020) 3603  0011011000000011 (  40) Last            ST    R3 Result
(3021) B608  1011011000001000 (  41)                 STI   R3 Laddr
(3022) 0FDD  0000111111011101 (  42)                 BRNZP top
(3023) 0010  0000000000010000 (  45) dvi             .FILL x0010
(3024) 0000  0000000000000000 (  46) Result          .FILL x0000
(3025) 0000  0000000000000000 (  47) N               .FILL x0000
(3026) 0000  0000000000000000 (  48) M               .FILL x0000
(3027) 000F  0000000000001111 (  49) MaskM           .FILL x000F
(3028) 00F0  0000000011110000 (  50) MaskN           .FILL x00F0
(3029) FFFC  1111111111111100 (  51) Saddr           .FILL xFFFC
(302A) FFFD  1111111111111101 (  52) Laddr           .FILL xFFFD
