(0000) 3000  0011000000000000 (   1)                 .ORIG x3000
(3000) 481B  0100100000011011 (   2) SW7_11          JSR   Input
(3001) 0DFE  0000110111111110 (   3)                 BRNZ  SW7_11
(3002) 9DBF  1001110110111111 (   4)                 NOT   R6 R6
(3003) 5006  0101000000000110 (   5)                 AND   R0 R0 R6
(3004) 3012  0011000000010010 (   6)                 ST    R0 N
(3005) B015  1011000000010101 (   7)                 STI   R0 Laddr
(3006) 4815  0100100000010101 (   8) SW7_01          JSR   Input
(3007) 0BFE  0000101111111110 (   9)                 BRNP  SW7_01
(3008) 200E  0010000000001110 (  12)                 LD    R0 N
(3009) 220E  0010001000001110 (  13)                 LD    R1 M
(300A) 927F  1001001001111111 (  14)                 NOT   R1 R1
(300B) 1261  0001001001100001 (  15)                 ADD   R1 R1 #1
(300C) 1401  0001010000000001 (  16) M1              ADD   R2 R0 R1
(300D) 0803  0000100000000011 (  17)                 BRN   M2
(300E) 0405  0000010000000101 (  18)                 BRZ   M3
(300F) 10A0  0001000010100000 (  19)                 ADD   R0 R2 #0
(3010) 0FFB  0000111111111011 (  20)                 BRNZP M1
(3011) 3007  0011000000000111 (  22) M2              ST    R0 Result
(3012) B008  1011000000001000 (  23)                 STI   R0 Laddr
(3013) 0E02  0000111000000010 (  24)                 BRNZP bye
(3014) 3404  0011010000000100 (  26) M3              ST    R2 Result
(3015) B405  1011010000000101 (  27)                 STI   R2 Laddr
(3016) 0FFF  0000111111111111 (  28) bye             BRNZP bye
(3017) 0000  0000000000000000 (  31) N               .FILL x0000
(3018) 000A  0000000000001010 (  32) M               .FILL x000A
(3019) 0000  0000000000000000 (  33) Result          .FILL x0000
(301A) FFFC  1111111111111100 (  34) Saddr           .FILL xFFFC
(301B) FFFD  1111111111111101 (  35) Laddr           .FILL xFFFD
(301C) A1FD  1010000111111101 (  38) Input           LDI   R0 Saddr
(301D) 2C02  0010110000000010 (  39)                 LD    R6 Check7
(301E) 5206  0101001000000110 (  40)                 AND   R1 R0 R6
(301F) C1C0  1100000111000000 (  41)                 RET   
(3020) 0080  0000000010000000 (  42) Check7          .FILL x0080
