(0000) 3000  0011000000000000 (   2)                 .ORIG x3000
(3000) 200E  0010000000001110 (   3)                 LD    R0 disable
(3001) B00E  1011000000001110 (   4)                 STI   R0 Hex32
(3002) B00E  1011000000001110 (   5)                 STI   R0 Hex10
(3003) E20F  1110001000001111 (   6) TOP             LEA   R1 FF_Tbl
(3004) 56E0  0101011011100000 (   7)                 AND   R3 R3 #0
(3005) 16EF  0001011011101111 (   8)                 ADD   R3 R3 #15
(3006) 6040  0110000001000000 (   9) M1              LDR   R0 R1 #0
(3007) 2E0A  0010111000001010 (  10)                 LD    R7 Delay
(3008) 1FFF  0001111111111111 (  11) D1              ADD   R7 R7 #-1
(3009) 03FE  0000001111111110 (  12)                 BRP   D1
(300A) B006  1011000000000110 (  13)                 STI   R0 Hex10
(300B) 1261  0001001001100001 (  14)                 ADD   R1 R1 #1
(300C) 16FF  0001011011111111 (  15)                 ADD   R3 R3 #-1
(300D) 07F8  0000011111111000 (  16)                 BRZP  M1
(300E) 0FF4  0000111111110100 (  17)                 BRNZP TOP
(300F) FFFF  1111111111111111 (  20) disable         .FILL xFFFF
(3010) FFFA  1111111111111010 (  21) Hex32           .FILL xFFFA
(3011) FFFB  1111111111111011 (  22) Hex10           .FILL xFFFB
(3012) 0005  0000000000000101 (  23) Delay           .FILL x0005
(3013) FFC0  1111111111000000 (  24) FF_Tbl          .FILL xFFC0
(3014) FFF9  1111111111111001 (  25)                 .FILL xFFF9
(3015) FFA4  1111111110100100 (  26)                 .FILL xFFA4
(3016) FFB0  1111111110110000 (  27)                 .FILL xFFB0
(3017) FF99  1111111110011001 (  28)                 .FILL xFF99
(3018) FF92  1111111110010010 (  29)                 .FILL xFF92
(3019) FF82  1111111110000010 (  30)                 .FILL xFF82
(301A) FFF8  1111111111111000 (  31)                 .FILL xFFF8
(301B) FF80  1111111110000000 (  32)                 .FILL xFF80
(301C) FF98  1111111110011000 (  33)                 .FILL xFF98
(301D) FF88  1111111110001000 (  34)                 .FILL xFF88
(301E) FF83  1111111110000011 (  35)                 .FILL xFF83
(301F) FFC6  1111111111000110 (  36)                 .FILL xFFC6
(3020) FFA1  1111111110100001 (  37)                 .FILL xFFA1
(3021) FF86  1111111110000110 (  38)                 .FILL xFF86
(3022) FF8E  1111111110001110 (  39)                 .FILL xFF8E
