(0000) 3000  0011000000000000 (   1)                 .ORIG x3000
(3000) 4829  0100100000101001 (   2) SW6_11          JSR   Input
(3001) 0DFE  0000110111111110 (   3)                 BRNZ  SW6_11
(3002) 9DBF  1001110110111111 (   4)                 NOT   R6 R6
(3003) 5006  0101000000000110 (   5)                 AND   R0 R0 R6
(3004) 1A20  0001101000100000 (   6)                 ADD   R5 R0 #0
(3005) BA23  1011101000100011 (   7)                 STI   R5 Laddr
(3006) 4823  0100100000100011 (   8) SW6_01          JSR   Input
(3007) 0BFE  0000101111111110 (   9)                 BRNP  SW6_01
(3008) 241A  0010010000011010 (  11)                 LD    R2 dvi
(3009) 94BF  1001010010111111 (  12)                 NOT   R2 R2
(300A) 14A1  0001010010100001 (  13)                 ADD   R2 R2 #1
(300B) 5DA0  0101110110100000 (  14)                 AND   R6 R6 #0
(300C) 221B  0010001000011011 (  15)                 LD    R1 NClean
(300D) 5341  0101001101000001 (  16)                 AND   R1 R5 R1
(300E) 0403  0000010000000011 (  17) S1              BRZ   S2
(300F) 1DA1  0001110110100001 (  18)                 ADD   R6 R6 #1
(3010) 1242  0001001001000010 (  19)                 ADD   R1 R1 R2
(3011) 03FC  0000001111111100 (  20)                 BRP   S1
(3012) 3C12  0011110000010010 (  21) S2              ST    R6 N
(3013) 2213  0010001000010011 (  23)                 LD    R1 MClean
(3014) 5341  0101001101000001 (  24)                 AND   R1 R5 R1
(3015) 3210  0011001000010000 (  25)                 ST    R1 M
(3016) 240C  0010010000001100 (  26)                 LD    R2 dvi
(3017) 56E0  0101011011100000 (  27)                 AND   R3 R3 #0
(3018) 220D  0010001000001101 (  28)                 LD    R1 M
(3019) 16C1  0001011011000001 (  29) M2              ADD   R3 R3 R1
(301A) 14BF  0001010010111111 (  30)                 ADD   R2 R2 #-1
(301B) 03FD  0000001111111101 (  31)                 BRP   M2
(301C) 2C0B  0010110000001011 (  33)                 LD    R6 NClean
(301D) 56C6  0101011011000110 (  34)                 AND   R3 R3 R6
(301E) 2C06  0010110000000110 (  35)                 LD    R6 N
(301F) 16C6  0001011011000110 (  36)                 ADD   R3 R3 R6
(3020) 3603  0011011000000011 (  37)                 ST    R3 Result
(3021) B607  1011011000000111 (  38)                 STI   R3 Laddr
(3022) 0FFF  0000111111111111 (  39) bye             BRNZP bye
(3023) 0008  0000000000001000 (  41) dvi             .FILL x0008
(3024) 0000  0000000000000000 (  42) Result          .FILL x0000
(3025) 0000  0000000000000000 (  43) N               .FILL x0000
(3026) 0000  0000000000000000 (  44) M               .FILL x0000
(3027) 0007  0000000000000111 (  45) MClean          .FILL x0007
(3028) 0038  0000000000111000 (  46) NClean          .FILL x0038
(3029) FFFD  1111111111111101 (  47) Laddr           .FILL xFFFD
(302A) A003  1010000000000011 (  49) Input           LDI   R0 Saddr
(302B) 2C03  0010110000000011 (  50)                 LD    R6 Check6
(302C) 5206  0101001000000110 (  51)                 AND   R1 R0 R6
(302D) C1C0  1100000111000000 (  52)                 RET   
(302E) FFFC  1111111111111100 (  53) Saddr           .FILL xFFFC
(302F) 0040  0000000001000000 (  54) Check6          .FILL x0040
