(0000) 3000  0011000000000000 (   1)                 .ORIG x3000
(3000) 201C  0010000000011100 (   5)                 LD    R0 Saddr
(3001) 6200  0110001000000000 (   7) SW6             LDR   R1 R0 #0
(3002) 2417  0010010000010111 (   8)                 LD    R2 Check6
(3003) 5642  0101011001000010 (   9)                 AND   R3 R1 R2
(3004) 94BF  1001010010111111 (  10)                 NOT   R2 R2
(3005) 14A1  0001010010100001 (  11)                 ADD   R2 R2 #1
(3006) 16C2  0001011011000010 (  12)                 ADD   R3 R3 R2
(3007) 0BF9  0000101111111001 (  13)                 BRNP  SW6
(3008) 2810  0010100000010000 (  14)                 LD    R4 Clean
(3009) 5244  0101001001000100 (  15)                 AND   R1 R1 R4
(300A) 1242  0001001001000010 (  16)                 ADD   R1 R1 R2
(300B) 320F  0011001000001111 (  18)                 ST    R1 N
(300C) 54A0  0101010010100000 (  19)                 AND   R2 R2 #0
(300D) 5260  0101001001100000 (  20)                 AND   R1 R1 #0
(300E) 1261  0001001001100001 (  21)                 ADD   R1 R1 #1
(300F) 200B  0010000000001011 (  22)                 LD    R0 N
(3010) 0C04  0000110000000100 (  24) L1              BRNZ  M2
(3011) 1442  0001010001000010 (  25)                 ADD   R2 R1 R2
(3012) 1261  0001001001100001 (  26)                 ADD   R1 R1 #1
(3013) 103F  0001000000111111 (  27)                 ADD   R0 R0 #-1
(3014) 0FFB  0000111111111011 (  28)                 BRNZP L1
(3015) 3406  0011010000000110 (  30) M2              ST    R2 Sum
(3016) 2C07  0010110000000111 (  31)                 LD    R6 Laddr
(3017) 7580  0111010110000000 (  32)                 STR   R2 R6 #0
(3018) 0FFF  0000111111111111 (  33) BYE             BRNZP BYE
(3019) 007F  0000000001111111 (  36) Clean           .FILL x007F
(301A) 0040  0000000001000000 (  37) Check6          .FILL x0040
(301B) 0003  0000000000000011 (  38) N               .FILL x0003
(301C) 0000  0000000000000000 (  39) Sum             .FILL x0000
(301D) FFFC  1111111111111100 (  40) Saddr           .FILL xFFFC
(301E) FFFD  1111111111111101 (  41) Laddr           .FILL xFFFD
