(0000) 3000  0011000000000000 (   1)                 .ORIG x3000
(3000) AA35  1010101000110101 (   2) top             LDI   R5 Saddr
(3001) 2632  0010011000110010 (   5)                 LD    R3 Clean
(3002) 5743  0101011101000011 (   6)                 AND   R3 R5 R3
(3003) 362E  0011011000101110 (   7)                 ST    R3 N1
(3004) B632  1011011000110010 (   8)                 STI   R3 Laddr
(3005) 54A0  0101010010100000 (  11)                 AND   R2 R2 #0
(3006) 14A8  0001010010101000 (  12)                 ADD   R2 R2 #8
(3007) 222D  0010001000101101 (  13)                 LD    R1 MASK
(3008) EC2F  1110110000101111 (  14)                 LEA   R6 B_n
(3009) 5843  0101100001000011 (  15) M1              AND   R4 R1 R3
(300A) 0402  0000010000000010 (  16)                 BRZ   M1_1
(300B) 5920  0101100100100000 (  17)                 AND   R4 R4 #0
(300C) 1921  0001100100100001 (  18)                 ADD   R4 R4 #1
(300D) 7980  0111100110000000 (  19) M1_1            STR   R4 R6 #0
(300E) 1241  0001001001000001 (  20)                 ADD   R1 R1 R1
(300F) 1DA1  0001110110100001 (  21)                 ADD   R6 R6 #1
(3010) 14BF  0001010010111111 (  22)                 ADD   R2 R2 #-1
(3011) 03F7  0000001111110111 (  23)                 BRP   M1
(3012) 5FE0  0101111111100000 (  26)                 AND   R7 R7 #0
(3013) 1FE9  0001111111101001 (  27)                 ADD   R7 R7 #9
(3014) 54A0  0101010010100000 (  28) M2              AND   R2 R2 #0
(3015) 14A7  0001010010100111 (  29)                 ADD   R2 R2 #7
(3016) EC21  1110110000100001 (  30)                 LEA   R6 B_n
(3017) 6381  0110001110000001 (  31) M2_1            LDR   R1 R6 #1
(3018) 7380  0111001110000000 (  32)                 STR   R1 R6 #0
(3019) 1DA1  0001110110100001 (  33)                 ADD   R6 R6 #1
(301A) 14BF  0001010010111111 (  34)                 ADD   R2 R2 #-1
(301B) 03FB  0000001111111011 (  35)                 BRP   M2_1
(301C) 5260  0101001001100000 (  36)                 AND   R1 R1 #0
(301D) 7380  0111001110000000 (  37)                 STR   R1 R6 #0
(301E) 54A0  0101010010100000 (  40)                 AND   R2 R2 #0
(301F) 5920  0101100100100000 (  41)                 AND   R4 R4 #0
(3020) 5B60  0101101101100000 (  42)                 AND   R5 R5 #0
(3021) EC16  1110110000010110 (  44)                 LEA   R6 B_n
(3022) 6380  0110001110000000 (  45) M3              LDR   R1 R6 #0
(3023) 16A0  0001011010100000 (  46)                 ADD   R3 R2 #0
(3024) 0403  0000010000000011 (  47) M3_1            BRZ   M3_2
(3025) 1241  0001001001000001 (  48)                 ADD   R1 R1 R1
(3026) 16FF  0001011011111111 (  49)                 ADD   R3 R3 #-1
(3027) 0FFC  0000111111111100 (  50)                 BRNZP M3_1
(3028) 1B41  0001101101000001 (  51) M3_2            ADD   R5 R5 R1
(3029) 1DA1  0001110110100001 (  52)                 ADD   R6 R6 #1
(302A) 14A1  0001010010100001 (  53)                 ADD   R2 R2 #1
(302B) 18B8  0001100010111000 (  54)                 ADD   R4 R2 #-8
(302C) 0BF5  0000101111110101 (  55)                 BRNP  M3
(302D) 3A05  0011101000000101 (  56)                 ST    R5 N
(302E) BA08  1011101000001000 (  57)                 STI   R5 Laddr
(302F) 1FFF  0001111111111111 (  58)                 ADD   R7 R7 #-1
(3030) 03E3  0000001111100011 (  59)                 BRP   M2
(3031) 0FCE  0000111111001110 (  60)                 BRNZP top
(3032) 0000  0000000000000000 (  64) N1              .FILL x0000
(3033) 0000  0000000000000000 (  65) N               .FILL x0000
(3034) 00FF  0000000011111111 (  65) Clean           .FILL x00FF
(3035) 0001  0000000000000001 (  66) MASK            .FILL x0001
(3036) FFFC  1111111111111100 (  67) Saddr           .FILL xFFFC
(3037) FFFD  1111111111111101 (  68) Laddr           .FILL xFFFD
(3038) 0000  0000000000000000 (  70) B_n             .FILL x0000
(3039) 0000  0000000000000000 (  70)                 .FILL x0000
(303A) 0000  0000000000000000 (  70)                 .FILL x0000
(303B) 0000  0000000000000000 (  70)                 .FILL x0000
(303C) 0000  0000000000000000 (  70)                 .FILL x0000
(303D) 0000  0000000000000000 (  70)                 .FILL x0000
(303E) 0000  0000000000000000 (  70)                 .FILL x0000
(303F) 0000  0000000000000000 (  70)                 .FILL x0000
(3040) 0004  0000000000000100 (  70)                 .FILL x0004
