(0000) 3000  0011000000000000 (   1)                 .ORIG x3000
(3000) AA26  1010101000100110 (   2) top             LDI   R5 Saddr
(3001) 2623  0010011000100011 (   5)                 LD    R3 Clean
(3002) 5743  0101011101000011 (   6)                 AND   R3 R5 R3
(3003) 361E  0011011000011110 (   7)                 ST    R3 N1
(3004) 54A0  0101010010100000 (  10)                 AND   R2 R2 #0
(3005) 14A8  0001010010101000 (  11)                 ADD   R2 R2 #8
(3006) 221F  0010001000011111 (  12)                 LD    R1 MASK
(3007) EC21  1110110000100001 (  13)                 LEA   R6 B_n
(3008) 5843  0101100001000011 (  14) M1              AND   R4 R1 R3
(3009) 0402  0000010000000010 (  15)                 BRZ   M2
(300A) 5920  0101100100100000 (  16)                 AND   R4 R4 #0
(300B) 1921  0001100100100001 (  17)                 ADD   R4 R4 #1
(300C) 7980  0111100110000000 (  18) M2              STR   R4 R6 #0
(300D) 1241  0001001001000001 (  19)                 ADD   R1 R1 R1
(300E) 1DA1  0001110110100001 (  20)                 ADD   R6 R6 #1
(300F) 14BF  0001010010111111 (  21)                 ADD   R2 R2 #-1
(3010) 03F7  0000001111110111 (  22)                 BRP   M1
(3011) 54A0  0101010010100000 (  25)                 AND   R2 R2 #0
(3012) 5920  0101100100100000 (  26)                 AND   R4 R4 #0
(3013) 5B60  0101101101100000 (  27)                 AND   R5 R5 #0
(3014) EC14  1110110000010100 (  28)                 LEA   R6 B_n
(3015) 6380  0110001110000000 (  29) M3              LDR   R1 R6 #0
(3016) 16A0  0001011010100000 (  30)                 ADD   R3 R2 #0
(3017) 0403  0000010000000011 (  31) S1              BRZ   M4
(3018) 1241  0001001001000001 (  32)                 ADD   R1 R1 R1
(3019) 16FF  0001011011111111 (  33)                 ADD   R3 R3 #-1
(301A) 0FFC  0000111111111100 (  34)                 BRNZP S1
(301B) 1B41  0001101101000001 (  35) M4              ADD   R5 R5 R1
(301C) 1DA1  0001110110100001 (  37)                 ADD   R6 R6 #1
(301D) 14A1  0001010010100001 (  38)                 ADD   R2 R2 #1
(301E) 18B8  0001100010111000 (  39)                 ADD   R4 R2 #-8
(301F) 0BF5  0000101111110101 (  40)                 BRNP  M3
(3020) 3A03  0011101000000011 (  41)                 ST    R5 N
(3021) 0FDE  0000111111011110 (  42)                 BRNZP top
(3022) 0000  0000000000000000 (  46) N1              .FILL x0000
(3023) 0000  0000000000000000 (  47) M               .FILL x0000
(3024) 0000  0000000000000000 (  48) N               .FILL x0000
(3025) 00FF  0000000011111111 (  48) Clean           .FILL x00FF
(3026) 0001  0000000000000001 (  49) MASK            .FILL x0001
(3027) FFFC  1111111111111100 (  50) Saddr           .FILL xFFFC
(3028) FFFD  1111111111111101 (  51) Laddr           .FILL xFFFD
(3029) 0000  0000000000000000 (  53) B_n             .FILL x0000
(302A) 0000  0000000000000000 (  53)                 .FILL x0000
(302B) 0000  0000000000000000 (  53)                 .FILL x0000
(302C) 0000  0000000000000000 (  53)                 .FILL x0000
(302D) 0000  0000000000000000 (  53)                 .FILL x0000
(302E) 0000  0000000000000000 (  53)                 .FILL x0000
(302F) 0000  0000000000000000 (  53)                 .FILL x0000
(3030) 0000  0000000000000000 (  53)                 .FILL x0000
(3031) 0000  0000000000000000 (  53)                 .FILL x0000
