(0000) 3000  0011000000000000 (   1)                 .ORIG x3000
(3000) 54A0  0101010010100000 (   4) M1              AND   R2 R2 #0
(3001) 14A8  0001010010101000 (   5)                 ADD   R2 R2 #8
(3002) EC06  1110110000000110 (   6)                 LEA   R6 B_0
(3003) 6381  0110001110000001 (   7) M1_1            LDR   R1 R6 #1
(3004) 7380  0111001110000000 (   8)                 STR   R1 R6 #0
(3005) 1DA1  0001110110100001 (   9)                 ADD   R6 R6 #1
(3006) 14BF  0001010010111111 (  10)                 ADD   R2 R2 #-1
(3007) 03FB  0000001111111011 (  11)                 BRP   M1_1
(3008) 0FFF  0000111111111111 (  12) Bye             BRNZP Bye
(3009) 0001  0000000000000001 (  15) B_0             .FILL x0001
(300A) 0000  0000000000000000 (  16) B_1             .FILL x0000
(300B) 0000  0000000000000000 (  17) B_2             .FILL x0000
(300C) 0001  0000000000000001 (  18) B_3             .FILL x0001
(300D) 0001  0000000000000001 (  19) B_4             .FILL x0001
(300E) 0001  0000000000000001 (  20) B_5             .FILL x0001
(300F) 0000  0000000000000000 (  21) B_6             .FILL x0000
(3010) 0001  0000000000000001 (  22) B_7             .FILL x0001
(3011) 0000  0000000000000000 (  23) B_8             .FILL x0000
(3012) 0004  0000000000000100 (  24)                 .FILL x0004
