(0000) 3000  0011000000000000 (   1)                 .ORIG x3000
(3000) AA14  1010101000010100 (   2) top             LDI   R5 Saddr
(3001) 2611  0010011000010001 (   5)                 LD    R3 Clean
(3002) 5743  0101011101000011 (   6)                 AND   R3 R5 R3
(3003) 360E  0011011000001110 (   7)                 ST    R3 N1
(3004) 54A0  0101010010100000 (  10)                 AND   R2 R2 #0
(3005) 14A8  0001010010101000 (  11)                 ADD   R2 R2 #8
(3006) 220D  0010001000001101 (  12)                 LD    R1 MASK
(3007) EC0F  1110110000001111 (  13)                 LEA   R6 B_n
(3008) 5843  0101100001000011 (  14) M1              AND   R4 R1 R3
(3009) 0402  0000010000000010 (  15)                 BRZ   M2
(300A) 5920  0101100100100000 (  16)                 AND   R4 R4 #0
(300B) 1921  0001100100100001 (  17)                 ADD   R4 R4 #1
(300C) 7980  0111100110000000 (  18) M2              STR   R4 R6 #0
(300D) 1241  0001001001000001 (  19)                 ADD   R1 R1 R1
(300E) 1DA1  0001110110100001 (  20)                 ADD   R6 R6 #1
(300F) 14BF  0001010010111111 (  21)                 ADD   R2 R2 #-1
(3010) 03F7  0000001111110111 (  22)                 BRP   M1
(3011) 0FEE  0000111111101110 (  23)                 BRNZP top
(3012) 0000  0000000000000000 (  27) N1              .FILL x0000
(3013) 00FF  0000000011111111 (  27) Clean           .FILL x00FF
(3014) 0001  0000000000000001 (  28) MASK            .FILL x0001
(3015) FFFC  1111111111111100 (  29) Saddr           .FILL xFFFC
(3016) FFFD  1111111111111101 (  30) Laddr           .FILL xFFFD
(3017) 0000  0000000000000000 (  32) B_n             .FILL x0000
(3018) 0000  0000000000000000 (  32)                 .FILL x0000
(3019) 0000  0000000000000000 (  32)                 .FILL x0000
(301A) 0000  0000000000000000 (  32)                 .FILL x0000
(301B) 0000  0000000000000000 (  32)                 .FILL x0000
(301C) 0000  0000000000000000 (  32)                 .FILL x0000
(301D) 0000  0000000000000000 (  32)                 .FILL x0000
(301E) 0000  0000000000000000 (  32)                 .FILL x0000
(301F) 0000  0000000000000000 (  32)                 .FILL x0000
